TN:
SF:C:\Users\HP\Documents\MyApps\rmealApp\api\index.js
FN:14,(anonymous_1)
FN:22,(anonymous_2)
FNF:2
FNH:2
FNDA:1,(anonymous_1)
FNDA:1,(anonymous_2)
DA:1,1
DA:2,1
DA:5,1
DA:6,1
DA:7,1
DA:9,1
DA:10,1
DA:12,1
DA:14,1
DA:15,1
DA:18,1
DA:19,1
DA:20,1
DA:22,1
DA:25,1
LF:15
LH:15
BRDA:10,0,0,1
BRDA:10,0,1,1
BRF:2
BRH:2
end_of_record
TN:
SF:C:\Users\HP\Documents\MyApps\rmealApp\api\controllers\meal.controller.js
FN:3,fetchAllMeals
FNF:1
FNH:1
FNDA:5,fetchAllMeals
DA:1,1
DA:3,1
DA:5,1
DA:6,1
DA:15,1
DA:16,1
DA:17,1
DA:26,1
DA:27,1
DA:28,1
DA:37,1
DA:38,1
DA:39,1
DA:46,1
DA:47,1
DA:49,1
DA:50,1
DA:58,1
LF:18
LH:18
BRF:0
BRH:0
end_of_record
TN:
SF:C:\Users\HP\Documents\MyApps\rmealApp\api\controllers\menu.controller.js
FN:3,fetchMenuList
FNF:1
FNH:1
FNDA:2,fetchMenuList
DA:1,1
DA:3,1
DA:5,1
DA:6,1
DA:15,1
DA:16,1
DA:17,1
DA:25,1
LF:8
LH:8
BRF:0
BRH:0
end_of_record
TN:
SF:C:\Users\HP\Documents\MyApps\rmealApp\api\controllers\order.controller.js
FN:3,fetchAllOrders
FNF:1
FNH:1
FNDA:3,fetchAllOrders
DA:1,1
DA:3,1
DA:5,1
DA:6,1
DA:15,1
DA:16,1
DA:17,1
DA:26,1
DA:27,1
DA:29,1
DA:30,1
DA:39,1
LF:12
LH:12
BRF:0
BRH:0
end_of_record
TN:
SF:C:\Users\HP\Documents\MyApps\rmealApp\api\models\meal.model.js
FN:2,Meal
FNF:1
FNH:1
FNDA:4,Meal
DA:2,4
DA:3,4
DA:4,4
DA:5,4
DA:6,4
DA:10,1
LF:6
LH:6
BRF:0
BRH:0
end_of_record
TN:
SF:C:\Users\HP\Documents\MyApps\rmealApp\api\models\menu.model.js
FN:2,Menu
FNF:1
FNH:1
FNDA:4,Menu
DA:2,4
DA:3,4
DA:4,4
DA:5,4
DA:9,1
LF:5
LH:5
BRF:0
BRH:0
end_of_record
TN:
SF:C:\Users\HP\Documents\MyApps\rmealApp\api\models\order.model.js
FN:2,Order
FNF:1
FNH:1
FNDA:4,Order
DA:2,4
DA:3,4
DA:4,4
DA:5,4
DA:9,1
LF:5
LH:5
BRF:0
BRH:0
end_of_record
TN:
SF:C:\Users\HP\Documents\MyApps\rmealApp\api\routes\meal.route.js
FNF:0
FNH:0
DA:1,1
DA:2,1
DA:4,1
DA:6,1
DA:7,1
DA:8,1
DA:9,1
DA:10,1
DA:12,1
LF:9
LH:9
BRF:0
BRH:0
end_of_record
TN:
SF:C:\Users\HP\Documents\MyApps\rmealApp\api\routes\menu.route.js
FNF:0
FNH:0
DA:1,1
DA:2,1
DA:4,1
DA:6,1
DA:7,1
DA:10,1
LF:6
LH:6
BRF:0
BRH:0
end_of_record
TN:
SF:C:\Users\HP\Documents\MyApps\rmealApp\api\routes\order.route.js
FNF:0
FNH:0
DA:1,1
DA:3,1
DA:5,1
DA:7,1
DA:8,1
DA:9,1
DA:11,1
LF:7
LH:7
BRF:0
BRH:0
end_of_record
TN:
SF:C:\Users\HP\Documents\MyApps\rmealApp\api\services\meal.service.js
FN:4,fetchAllMeals
FN:6,(anonymous_2)
FN:34,(anonymous_5)
FN:40,(anonymous_7)
FN:51,(anonymous_9)
FNF:5
FNH:5
FNDA:5,fetchAllMeals
FNDA:4,(anonymous_2)
FNDA:1,(anonymous_5)
FNDA:1,(anonymous_7)
FNDA:1,(anonymous_9)
DA:1,1
DA:2,1
DA:4,1
DA:6,1
DA:7,4
DA:8,4
DA:9,4
DA:10,4
DA:11,4
DA:12,4
DA:14,1
DA:18,1
DA:19,1
DA:20,1
DA:22,1
DA:29,1
DA:30,1
DA:34,1
DA:35,1
DA:39,1
DA:40,1
DA:41,1
DA:42,1
DA:43,1
DA:44,1
DA:46,1
DA:51,1
DA:54,1
DA:55,1
DA:56,1
DA:57,1
DA:58,1
DA:62,1
LF:33
LH:33
BRDA:35,0,0,1
BRDA:35,0,1,0
BRDA:43,1,0,1
BRDA:43,1,1,0
BRF:4
BRH:2
end_of_record
TN:
SF:C:\Users\HP\Documents\MyApps\rmealApp\api\services\menu.service.js
FN:4,fetchMenuList
FN:6,(anonymous_2)
FNF:2
FNH:2
FNDA:2,fetchMenuList
FNDA:4,(anonymous_2)
DA:1,1
DA:2,1
DA:4,1
DA:6,1
DA:7,4
DA:8,4
DA:9,4
DA:10,4
DA:11,4
DA:13,1
DA:17,1
DA:18,1
DA:19,1
DA:21,1
DA:27,1
DA:28,1
DA:31,1
LF:17
LH:17
BRF:0
BRH:0
end_of_record
TN:
SF:C:\Users\HP\Documents\MyApps\rmealApp\api\services\order.service.js
FN:4,fetchAllOrder
FN:6,(anonymous_2)
FN:33,(anonymous_5)
FNF:3
FNH:3
FNDA:3,fetchAllOrder
FNDA:4,(anonymous_2)
FNDA:1,(anonymous_5)
DA:1,1
DA:2,1
DA:4,1
DA:6,1
DA:7,4
DA:8,4
DA:9,4
DA:10,4
DA:11,4
DA:13,1
DA:18,1
DA:19,1
DA:20,1
DA:22,1
DA:28,1
DA:29,1
DA:33,1
DA:36,1
DA:37,1
DA:38,1
DA:39,1
DA:44,1
LF:22
LH:22
BRF:0
BRH:0
end_of_record
TN:
SF:C:\Users\HP\Documents\MyApps\rmealApp\api\test\index.spec.js
FN:9,(anonymous_1)
FN:11,(anonymous_2)
FN:14,(anonymous_3)
FN:20,(anonymous_4)
FN:23,(anonymous_5)
FN:29,(anonymous_6)
FN:33,(anonymous_7)
FNF:7
FNH:7
FNDA:1,(anonymous_1)
FNDA:1,(anonymous_2)
FNDA:1,(anonymous_3)
FNDA:1,(anonymous_4)
FNDA:1,(anonymous_5)
FNDA:1,(anonymous_6)
FNDA:1,(anonymous_7)
DA:1,1
DA:2,1
DA:3,1
DA:5,1
DA:7,1
DA:9,1
DA:11,1
DA:12,1
DA:15,1
DA:16,1
DA:20,1
DA:21,1
DA:24,1
DA:25,1
DA:29,1
DA:30,1
DA:34,1
DA:35,1
LF:18
LH:18
BRF:0
BRH:0
end_of_record
TN:
SF:C:\Users\HP\Documents\MyApps\rmealApp\api\test\meal.spec.js
FN:12,(anonymous_1)
FN:13,(anonymous_2)
FN:24,(anonymous_3)
FN:33,(anonymous_4)
FN:34,(anonymous_5)
FN:45,(anonymous_6)
FN:54,(anonymous_7)
FN:55,(anonymous_8)
FN:58,(anonymous_9)
FN:66,(anonymous_10)
FN:69,(anonymous_11)
FN:78,(anonymous_12)
FN:79,(anonymous_13)
FN:82,(anonymous_14)
FNF:14
FNH:14
FNDA:1,(anonymous_1)
FNDA:1,(anonymous_2)
FNDA:1,(anonymous_3)
FNDA:1,(anonymous_4)
FNDA:1,(anonymous_5)
FNDA:1,(anonymous_6)
FNDA:1,(anonymous_7)
FNDA:1,(anonymous_8)
FNDA:1,(anonymous_9)
FNDA:1,(anonymous_10)
FNDA:1,(anonymous_11)
FNDA:1,(anonymous_12)
FNDA:1,(anonymous_13)
FNDA:1,(anonymous_14)
DA:1,1
DA:2,1
DA:3,1
DA:6,1
DA:8,1
DA:9,1
DA:12,1
DA:13,1
DA:14,1
DA:25,1
DA:26,1
DA:27,1
DA:28,1
DA:33,1
DA:34,1
DA:35,1
DA:46,1
DA:47,1
DA:48,1
DA:49,1
DA:54,1
DA:55,1
DA:56,1
DA:59,1
DA:60,1
DA:61,1
DA:62,1
DA:66,1
DA:67,1
DA:70,1
DA:71,1
DA:72,1
DA:73,1
DA:78,1
DA:79,1
DA:80,1
DA:83,1
DA:84,1
DA:85,1
DA:86,1
LF:40
LH:40
BRF:0
BRH:0
end_of_record
TN:
SF:C:\Users\HP\Documents\MyApps\rmealApp\api\test\menu.spec.js
FN:12,(anonymous_1)
FN:13,(anonymous_2)
FN:23,(anonymous_3)
FN:33,(anonymous_4)
FN:34,(anonymous_5)
FN:37,(anonymous_6)
FNF:6
FNH:6
FNDA:1,(anonymous_1)
FNDA:1,(anonymous_2)
FNDA:1,(anonymous_3)
FNDA:1,(anonymous_4)
FNDA:1,(anonymous_5)
FNDA:1,(anonymous_6)
DA:1,1
DA:2,1
DA:3,1
DA:6,1
DA:8,1
DA:9,1
DA:12,1
DA:13,1
DA:14,1
DA:24,1
DA:25,1
DA:26,1
DA:27,1
DA:33,1
DA:34,1
DA:35,1
DA:38,1
DA:39,1
DA:40,1
DA:41,1
LF:20
LH:20
BRF:0
BRH:0
end_of_record
TN:
SF:C:\Users\HP\Documents\MyApps\rmealApp\api\test\order.spec.js
FN:11,(anonymous_1)
FN:12,(anonymous_2)
FN:22,(anonymous_3)
FN:31,(anonymous_4)
FN:32,(anonymous_5)
FN:35,(anonymous_6)
FN:44,(anonymous_7)
FN:45,(anonymous_8)
FN:55,(anonymous_9)
FNF:9
FNH:9
FNDA:1,(anonymous_1)
FNDA:1,(anonymous_2)
FNDA:1,(anonymous_3)
FNDA:1,(anonymous_4)
FNDA:1,(anonymous_5)
FNDA:1,(anonymous_6)
FNDA:1,(anonymous_7)
FNDA:1,(anonymous_8)
FNDA:1,(anonymous_9)
DA:1,1
DA:2,1
DA:3,1
DA:6,1
DA:8,1
DA:9,1
DA:11,1
DA:12,1
DA:13,1
DA:23,1
DA:24,1
DA:25,1
DA:26,1
DA:31,1
DA:32,1
DA:33,1
DA:36,1
DA:37,1
DA:38,1
DA:39,1
DA:44,1
DA:45,1
DA:46,1
DA:56,1
DA:57,1
DA:58,1
DA:59,1
LF:27
LH:27
BRF:0
BRH:0
end_of_record
TN:
SF:C:\Users\HP\Documents\MyApps\rmealApp\api\utils\mealDummyData.js
FNF:0
FNH:0
DA:1,1
LF:1
LH:1
BRF:0
BRH:0
end_of_record
TN:
SF:C:\Users\HP\Documents\MyApps\rmealApp\api\utils\menuDummyData.js
FNF:0
FNH:0
DA:1,1
LF:1
LH:1
BRF:0
BRH:0
end_of_record
TN:
SF:C:\Users\HP\Documents\MyApps\rmealApp\api\utils\orderDummyData.js
FNF:0
FNH:0
DA:1,1
LF:1
LH:1
BRF:0
BRH:0
end_of_record
